[0.747s] Invoking command in '/home/becacoli/map_based/build/map_based_nav': PYTHONPATH=/home/becacoli/map_based/build/map_based_nav/prefix_override:/usr/lib/python3/dist-packages/colcon_core/task/python/colcon_distutils_commands:/home/becacoli/map_based/install/map_based_nav/lib/python3.12/site-packages:${PYTHONPATH} /usr/bin/python3 -W ignore:setup.py install is deprecated -W ignore:easy_install command is deprecated setup.py develop --uninstall --editable --build-directory /home/becacoli/map_based/build/map_based_nav/build
[1.008s] running develop
[1.171s] Removing /home/becacoli/map_based/install/map_based_nav/lib/python3.12/site-packages/map-based-nav.egg-link (link to .)
[1.194s] Invoked command in '/home/becacoli/map_based/build/map_based_nav' returned '0': PYTHONPATH=/home/becacoli/map_based/build/map_based_nav/prefix_override:/usr/lib/python3/dist-packages/colcon_core/task/python/colcon_distutils_commands:/home/becacoli/map_based/install/map_based_nav/lib/python3.12/site-packages:${PYTHONPATH} /usr/bin/python3 -W ignore:setup.py install is deprecated -W ignore:easy_install command is deprecated setup.py develop --uninstall --editable --build-directory /home/becacoli/map_based/build/map_based_nav/build
[1.195s] Invoking command in '/home/becacoli/map_based/src/map_based_nav': PYTHONPATH=/home/becacoli/map_based/build/map_based_nav/prefix_override:/usr/lib/python3/dist-packages/colcon_core/task/python/colcon_distutils_commands:/home/becacoli/map_based/install/map_based_nav/lib/python3.12/site-packages:${PYTHONPATH} /usr/bin/python3 -W ignore:setup.py install is deprecated -W ignore:easy_install command is deprecated setup.py egg_info --egg-base ../../build/map_based_nav build --build-base /home/becacoli/map_based/build/map_based_nav/build install --record /home/becacoli/map_based/build/map_based_nav/install.log --single-version-externally-managed install_data --force
[1.421s] running egg_info
[1.435s] writing ../../build/map_based_nav/map_based_nav.egg-info/PKG-INFO
[1.435s] writing dependency_links to ../../build/map_based_nav/map_based_nav.egg-info/dependency_links.txt
[1.436s] writing entry points to ../../build/map_based_nav/map_based_nav.egg-info/entry_points.txt
[1.436s] writing requirements to ../../build/map_based_nav/map_based_nav.egg-info/requires.txt
[1.436s] writing top-level names to ../../build/map_based_nav/map_based_nav.egg-info/top_level.txt
[1.468s] reading manifest file '../../build/map_based_nav/map_based_nav.egg-info/SOURCES.txt'
[1.468s] writing manifest file '../../build/map_based_nav/map_based_nav.egg-info/SOURCES.txt'
[1.469s] running build
[1.469s] running build_py
[1.469s] copying map_based_nav/rrt_planner.py -> /home/becacoli/map_based/build/map_based_nav/build/lib/map_based_nav
[1.469s] running install
[1.475s] running install_lib
[1.492s] creating /home/becacoli/map_based/install/map_based_nav/lib/python3.12/site-packages/map_based_nav
[1.492s] copying /home/becacoli/map_based/build/map_based_nav/build/lib/map_based_nav/__init__.py -> /home/becacoli/map_based/install/map_based_nav/lib/python3.12/site-packages/map_based_nav
[1.492s] copying /home/becacoli/map_based/build/map_based_nav/build/lib/map_based_nav/rrt_planner.py -> /home/becacoli/map_based/install/map_based_nav/lib/python3.12/site-packages/map_based_nav
[1.493s] byte-compiling /home/becacoli/map_based/install/map_based_nav/lib/python3.12/site-packages/map_based_nav/__init__.py to __init__.cpython-312.pyc
[1.493s] byte-compiling /home/becacoli/map_based/install/map_based_nav/lib/python3.12/site-packages/map_based_nav/rrt_planner.py to rrt_planner.cpython-312.pyc
[1.494s] running install_data
[1.494s] copying resource/map_based_nav -> /home/becacoli/map_based/install/map_based_nav/share/ament_index/resource_index/packages
[1.495s] copying package.xml -> /home/becacoli/map_based/install/map_based_nav/share/map_based_nav
[1.495s] copying launch/bringup_gz_tb3_rrt.launch.py -> /home/becacoli/map_based/install/map_based_nav/share/map_based_nav/launch
[1.495s] copying launch/rrt_nav.launch.py -> /home/becacoli/map_based/install/map_based_nav/share/map_based_nav/launch
[1.495s] copying worlds/tb3_world.sdf -> /home/becacoli/map_based/install/map_based_nav/share/map_based_nav/worlds
[1.495s] copying models/tb3_gz.sdf -> /home/becacoli/map_based/install/map_based_nav/share/map_based_nav/models
[1.496s] running install_egg_info
[1.513s] Copying ../../build/map_based_nav/map_based_nav.egg-info to /home/becacoli/map_based/install/map_based_nav/lib/python3.12/site-packages/map_based_nav-0.1.0-py3.12.egg-info
[1.515s] running install_scripts
[1.620s] Installing rrt_planner script to /home/becacoli/map_based/install/map_based_nav/lib/map_based_nav
[1.621s] writing list of installed files to '/home/becacoli/map_based/build/map_based_nav/install.log'
[1.644s] Invoked command in '/home/becacoli/map_based/src/map_based_nav' returned '0': PYTHONPATH=/home/becacoli/map_based/build/map_based_nav/prefix_override:/usr/lib/python3/dist-packages/colcon_core/task/python/colcon_distutils_commands:/home/becacoli/map_based/install/map_based_nav/lib/python3.12/site-packages:${PYTHONPATH} /usr/bin/python3 -W ignore:setup.py install is deprecated -W ignore:easy_install command is deprecated setup.py egg_info --egg-base ../../build/map_based_nav build --build-base /home/becacoli/map_based/build/map_based_nav/build install --record /home/becacoli/map_based/build/map_based_nav/install.log --single-version-externally-managed install_data --force
