[0.798s] Invoking command in '/home/becacoli/map_based/build/map_based_nav': PYTHONPATH=/home/becacoli/map_based/build/map_based_nav/prefix_override:/usr/lib/python3/dist-packages/colcon_core/task/python/colcon_distutils_commands:/home/becacoli/map_based/install/map_based_nav/lib/python3.12/site-packages:${PYTHONPATH} /usr/bin/python3 -W ignore:setup.py install is deprecated -W ignore:easy_install command is deprecated setup.py develop --editable --build-directory /home/becacoli/map_based/build/map_based_nav/build --no-deps symlink_data
[0.994s] running develop
[1.119s] running egg_info
[1.130s] writing map_based_nav.egg-info/PKG-INFO
[1.131s] writing dependency_links to map_based_nav.egg-info/dependency_links.txt
[1.131s] writing entry points to map_based_nav.egg-info/entry_points.txt
[1.131s] writing requirements to map_based_nav.egg-info/requires.txt
[1.131s] writing top-level names to map_based_nav.egg-info/top_level.txt
[1.154s] reading manifest file 'map_based_nav.egg-info/SOURCES.txt'
[1.155s] writing manifest file 'map_based_nav.egg-info/SOURCES.txt'
[1.168s] running build_ext
[1.168s] Creating /home/becacoli/map_based/install/map_based_nav/lib/python3.12/site-packages/map-based-nav.egg-link (link to .)
[1.169s] Installing rrt_planner script to /home/becacoli/map_based/install/map_based_nav/lib/map_based_nav
[1.169s] 
[1.169s] Installed /home/becacoli/map_based/build/map_based_nav
[1.169s] running symlink_data
[1.169s] symbolically linking /home/becacoli/map_based/build/map_based_nav/launch/bringup_gz_tb3_rrt.launch.py -> /home/becacoli/map_based/install/map_based_nav/share/map_based_nav/launch
[1.170s] creating /home/becacoli/map_based/install/map_based_nav/share/map_based_nav/models
[1.170s] symbolically linking /home/becacoli/map_based/build/map_based_nav/models/tb3_gz.sdf -> /home/becacoli/map_based/install/map_based_nav/share/map_based_nav/models
[1.187s] Invoked command in '/home/becacoli/map_based/build/map_based_nav' returned '0': PYTHONPATH=/home/becacoli/map_based/build/map_based_nav/prefix_override:/usr/lib/python3/dist-packages/colcon_core/task/python/colcon_distutils_commands:/home/becacoli/map_based/install/map_based_nav/lib/python3.12/site-packages:${PYTHONPATH} /usr/bin/python3 -W ignore:setup.py install is deprecated -W ignore:easy_install command is deprecated setup.py develop --editable --build-directory /home/becacoli/map_based/build/map_based_nav/build --no-deps symlink_data
