[0.546s] Invoking command in '/home/becacoli/map_based/src/map_based_nav': PYTHONPATH=/home/becacoli/map_based/build/map_based_nav/prefix_override:/usr/lib/python3/dist-packages/colcon_core/task/python/colcon_distutils_commands:/home/becacoli/map_based/install/map_based_nav/lib/python3.12/site-packages:${PYTHONPATH} /usr/bin/python3 -W ignore:setup.py install is deprecated -W ignore:easy_install command is deprecated setup.py egg_info --egg-base ../../build/map_based_nav build --build-base /home/becacoli/map_based/build/map_based_nav/build install --record /home/becacoli/map_based/build/map_based_nav/install.log --single-version-externally-managed install_data
[0.727s] running egg_info
[0.739s] writing ../../build/map_based_nav/map_based_nav.egg-info/PKG-INFO
[0.740s] writing dependency_links to ../../build/map_based_nav/map_based_nav.egg-info/dependency_links.txt
[0.740s] writing entry points to ../../build/map_based_nav/map_based_nav.egg-info/entry_points.txt
[0.740s] writing requirements to ../../build/map_based_nav/map_based_nav.egg-info/requires.txt
[0.740s] writing top-level names to ../../build/map_based_nav/map_based_nav.egg-info/top_level.txt
[0.766s] reading manifest file '../../build/map_based_nav/map_based_nav.egg-info/SOURCES.txt'
[0.766s] writing manifest file '../../build/map_based_nav/map_based_nav.egg-info/SOURCES.txt'
[0.766s] running build
[0.766s] running build_py
[0.766s] copying map_based_nav/rrt_planner.py -> /home/becacoli/map_based/build/map_based_nav/build/lib/map_based_nav
[0.767s] running install
[0.771s] running install_lib
[0.783s] copying /home/becacoli/map_based/build/map_based_nav/build/lib/map_based_nav/rrt_planner.py -> /home/becacoli/map_based/install/map_based_nav/lib/python3.12/site-packages/map_based_nav
[0.784s] byte-compiling /home/becacoli/map_based/install/map_based_nav/lib/python3.12/site-packages/map_based_nav/rrt_planner.py to rrt_planner.cpython-312.pyc
[0.784s] running install_data
[0.785s] running install_egg_info
[0.799s] removing '/home/becacoli/map_based/install/map_based_nav/lib/python3.12/site-packages/map_based_nav-0.0.0-py3.12.egg-info' (and everything under it)
[0.799s] Copying ../../build/map_based_nav/map_based_nav.egg-info to /home/becacoli/map_based/install/map_based_nav/lib/python3.12/site-packages/map_based_nav-0.0.0-py3.12.egg-info
[0.800s] running install_scripts
[0.886s] Installing rrt_planner script to /home/becacoli/map_based/install/map_based_nav/lib/map_based_nav
[0.886s] writing list of installed files to '/home/becacoli/map_based/build/map_based_nav/install.log'
[0.903s] Invoked command in '/home/becacoli/map_based/src/map_based_nav' returned '0': PYTHONPATH=/home/becacoli/map_based/build/map_based_nav/prefix_override:/usr/lib/python3/dist-packages/colcon_core/task/python/colcon_distutils_commands:/home/becacoli/map_based/install/map_based_nav/lib/python3.12/site-packages:${PYTHONPATH} /usr/bin/python3 -W ignore:setup.py install is deprecated -W ignore:easy_install command is deprecated setup.py egg_info --egg-base ../../build/map_based_nav build --build-base /home/becacoli/map_based/build/map_based_nav/build install --record /home/becacoli/map_based/build/map_based_nav/install.log --single-version-externally-managed install_data
