[0.695s] Invoking command in '/home/becacoli/map_based/build/map_based_nav': PYTHONPATH=/home/becacoli/map_based/build/map_based_nav/prefix_override:/usr/lib/python3/dist-packages/colcon_core/task/python/colcon_distutils_commands:/home/becacoli/map_based/install/map_based_nav/lib/python3.12/site-packages:${PYTHONPATH} /usr/bin/python3 -W ignore:setup.py install is deprecated -W ignore:easy_install command is deprecated setup.py develop --editable --build-directory /home/becacoli/map_based/build/map_based_nav/build --no-deps symlink_data
[0.968s] running develop
[1.144s] running egg_info
[1.160s] writing map_based_nav.egg-info/PKG-INFO
[1.160s] writing dependency_links to map_based_nav.egg-info/dependency_links.txt
[1.161s] writing entry points to map_based_nav.egg-info/entry_points.txt
[1.161s] writing requirements to map_based_nav.egg-info/requires.txt
[1.161s] writing top-level names to map_based_nav.egg-info/top_level.txt
[1.197s] reading manifest file 'map_based_nav.egg-info/SOURCES.txt'
[1.197s] writing manifest file 'map_based_nav.egg-info/SOURCES.txt'
[1.216s] running build_ext
[1.216s] Creating /home/becacoli/map_based/install/map_based_nav/lib/python3.12/site-packages/map-based-nav.egg-link (link to .)
[1.216s] Installing rrt_planner script to /home/becacoli/map_based/install/map_based_nav/lib/map_based_nav
[1.217s] 
[1.217s] Installed /home/becacoli/map_based/build/map_based_nav
[1.217s] running symlink_data
[1.217s] symbolically linking /home/becacoli/map_based/build/map_based_nav/launch/rrt_nav.launch.py -> /home/becacoli/map_based/install/map_based_nav/share/map_based_nav/launch
[1.217s] creating /home/becacoli/map_based/install/map_based_nav/share/map_based_nav/worlds
[1.218s] symbolically linking /home/becacoli/map_based/build/map_based_nav/worlds/tb3_world.sdf -> /home/becacoli/map_based/install/map_based_nav/share/map_based_nav/worlds
[1.242s] Invoked command in '/home/becacoli/map_based/build/map_based_nav' returned '0': PYTHONPATH=/home/becacoli/map_based/build/map_based_nav/prefix_override:/usr/lib/python3/dist-packages/colcon_core/task/python/colcon_distutils_commands:/home/becacoli/map_based/install/map_based_nav/lib/python3.12/site-packages:${PYTHONPATH} /usr/bin/python3 -W ignore:setup.py install is deprecated -W ignore:easy_install command is deprecated setup.py develop --editable --build-directory /home/becacoli/map_based/build/map_based_nav/build --no-deps symlink_data
