[0.706s] Invoking command in '/home/becacoli/map_based/src/map_based_nav': PYTHONPATH=/home/becacoli/map_based/build/map_based_nav/prefix_override:/usr/lib/python3/dist-packages/colcon_core/task/python/colcon_distutils_commands:/home/becacoli/map_based/install/map_based_nav/lib/python3.12/site-packages:${PYTHONPATH} /usr/bin/python3 -W ignore:setup.py install is deprecated -W ignore:easy_install command is deprecated setup.py egg_info --egg-base ../../build/map_based_nav build --build-base /home/becacoli/map_based/build/map_based_nav/build install --record /home/becacoli/map_based/build/map_based_nav/install.log --single-version-externally-managed install_data
[0.959s] running egg_info
[0.975s] writing ../../build/map_based_nav/map_based_nav.egg-info/PKG-INFO
[0.975s] writing dependency_links to ../../build/map_based_nav/map_based_nav.egg-info/dependency_links.txt
[0.975s] writing entry points to ../../build/map_based_nav/map_based_nav.egg-info/entry_points.txt
[0.975s] writing requirements to ../../build/map_based_nav/map_based_nav.egg-info/requires.txt
[0.975s] writing top-level names to ../../build/map_based_nav/map_based_nav.egg-info/top_level.txt
[1.008s] reading manifest file '../../build/map_based_nav/map_based_nav.egg-info/SOURCES.txt'
[1.009s] writing manifest file '../../build/map_based_nav/map_based_nav.egg-info/SOURCES.txt'
[1.009s] running build
[1.009s] running build_py
[1.009s] running install
[1.014s] running install_lib
[1.030s] running install_data
[1.030s] running install_egg_info
[1.049s] removing '/home/becacoli/map_based/install/map_based_nav/lib/python3.12/site-packages/map_based_nav-0.0.0-py3.12.egg-info' (and everything under it)
[1.050s] Copying ../../build/map_based_nav/map_based_nav.egg-info to /home/becacoli/map_based/install/map_based_nav/lib/python3.12/site-packages/map_based_nav-0.0.0-py3.12.egg-info
[1.050s] running install_scripts
[1.175s] Installing rrt_planner script to /home/becacoli/map_based/install/map_based_nav/lib/map_based_nav
[1.176s] writing list of installed files to '/home/becacoli/map_based/build/map_based_nav/install.log'
[1.201s] Invoked command in '/home/becacoli/map_based/src/map_based_nav' returned '0': PYTHONPATH=/home/becacoli/map_based/build/map_based_nav/prefix_override:/usr/lib/python3/dist-packages/colcon_core/task/python/colcon_distutils_commands:/home/becacoli/map_based/install/map_based_nav/lib/python3.12/site-packages:${PYTHONPATH} /usr/bin/python3 -W ignore:setup.py install is deprecated -W ignore:easy_install command is deprecated setup.py egg_info --egg-base ../../build/map_based_nav build --build-base /home/becacoli/map_based/build/map_based_nav/build install --record /home/becacoli/map_based/build/map_based_nav/install.log --single-version-externally-managed install_data
