[0.700s] Invoking command in '/home/becacoli/map_based/src/map_based_nav': PYTHONPATH=/home/becacoli/map_based/build/map_based_nav/prefix_override:/usr/lib/python3/dist-packages/colcon_core/task/python/colcon_distutils_commands:/home/becacoli/map_based/install/map_based_nav/lib/python3.12/site-packages:${PYTHONPATH} /usr/bin/python3 -W ignore:setup.py install is deprecated -W ignore:easy_install command is deprecated setup.py egg_info --egg-base ../../build/map_based_nav build --build-base /home/becacoli/map_based/build/map_based_nav/build install --record /home/becacoli/map_based/build/map_based_nav/install.log --single-version-externally-managed install_data
[0.930s] running egg_info
[0.947s] writing ../../build/map_based_nav/map_based_nav.egg-info/PKG-INFO
[0.947s] writing dependency_links to ../../build/map_based_nav/map_based_nav.egg-info/dependency_links.txt
[0.947s] writing entry points to ../../build/map_based_nav/map_based_nav.egg-info/entry_points.txt
[0.948s] writing requirements to ../../build/map_based_nav/map_based_nav.egg-info/requires.txt
[0.948s] writing top-level names to ../../build/map_based_nav/map_based_nav.egg-info/top_level.txt
[0.981s] reading manifest file '../../build/map_based_nav/map_based_nav.egg-info/SOURCES.txt'
[0.982s] writing manifest file '../../build/map_based_nav/map_based_nav.egg-info/SOURCES.txt'
[0.982s] running build
[0.982s] running build_py
[0.982s] running install
[0.987s] running install_lib
[1.004s] running install_data
[1.004s] running install_egg_info
[1.022s] removing '/home/becacoli/map_based/install/map_based_nav/lib/python3.12/site-packages/map_based_nav-0.0.0-py3.12.egg-info' (and everything under it)
[1.022s] Copying ../../build/map_based_nav/map_based_nav.egg-info to /home/becacoli/map_based/install/map_based_nav/lib/python3.12/site-packages/map_based_nav-0.0.0-py3.12.egg-info
[1.023s] running install_scripts
[1.131s] Installing rrt_planner script to /home/becacoli/map_based/install/map_based_nav/lib/map_based_nav
[1.131s] writing list of installed files to '/home/becacoli/map_based/build/map_based_nav/install.log'
[1.154s] Invoked command in '/home/becacoli/map_based/src/map_based_nav' returned '0': PYTHONPATH=/home/becacoli/map_based/build/map_based_nav/prefix_override:/usr/lib/python3/dist-packages/colcon_core/task/python/colcon_distutils_commands:/home/becacoli/map_based/install/map_based_nav/lib/python3.12/site-packages:${PYTHONPATH} /usr/bin/python3 -W ignore:setup.py install is deprecated -W ignore:easy_install command is deprecated setup.py egg_info --egg-base ../../build/map_based_nav build --build-base /home/becacoli/map_based/build/map_based_nav/build install --record /home/becacoli/map_based/build/map_based_nav/install.log --single-version-externally-managed install_data
