[1.070s] Invoking command in '/home/becacoli/map_based/src/map_based_nav': PYTHONPATH=/home/becacoli/map_based/build/map_based_nav/prefix_override:/usr/lib/python3/dist-packages/colcon_core/task/python/colcon_distutils_commands:/home/becacoli/map_based/install/map_based_nav/lib/python3.12/site-packages:${PYTHONPATH} /usr/bin/python3 -W ignore:setup.py install is deprecated -W ignore:easy_install command is deprecated setup.py egg_info --egg-base ../../build/map_based_nav build --build-base /home/becacoli/map_based/build/map_based_nav/build install --record /home/becacoli/map_based/build/map_based_nav/install.log --single-version-externally-managed install_data
[1.271s] running egg_info
[1.271s] creating ../../build/map_based_nav/map_based_nav.egg-info
[1.284s] writing ../../build/map_based_nav/map_based_nav.egg-info/PKG-INFO
[1.284s] writing dependency_links to ../../build/map_based_nav/map_based_nav.egg-info/dependency_links.txt
[1.284s] writing entry points to ../../build/map_based_nav/map_based_nav.egg-info/entry_points.txt
[1.284s] writing requirements to ../../build/map_based_nav/map_based_nav.egg-info/requires.txt
[1.284s] writing top-level names to ../../build/map_based_nav/map_based_nav.egg-info/top_level.txt
[1.284s] writing manifest file '../../build/map_based_nav/map_based_nav.egg-info/SOURCES.txt'
[1.312s] reading manifest file '../../build/map_based_nav/map_based_nav.egg-info/SOURCES.txt'
[1.313s] writing manifest file '../../build/map_based_nav/map_based_nav.egg-info/SOURCES.txt'
[1.313s] running build
[1.313s] running build_py
[1.313s] creating /home/becacoli/map_based/build/map_based_nav/build
[1.314s] creating /home/becacoli/map_based/build/map_based_nav/build/lib
[1.314s] creating /home/becacoli/map_based/build/map_based_nav/build/lib/map_based_nav
[1.315s] copying map_based_nav/__init__.py -> /home/becacoli/map_based/build/map_based_nav/build/lib/map_based_nav
[1.315s] copying map_based_nav/rrt_planner.py -> /home/becacoli/map_based/build/map_based_nav/build/lib/map_based_nav
[1.315s] running install
[1.319s] running install_lib
[1.334s] creating /home/becacoli/map_based/install/map_based_nav/lib/python3.12/site-packages/map_based_nav
[1.334s] copying /home/becacoli/map_based/build/map_based_nav/build/lib/map_based_nav/__init__.py -> /home/becacoli/map_based/install/map_based_nav/lib/python3.12/site-packages/map_based_nav
[1.334s] copying /home/becacoli/map_based/build/map_based_nav/build/lib/map_based_nav/rrt_planner.py -> /home/becacoli/map_based/install/map_based_nav/lib/python3.12/site-packages/map_based_nav
[1.335s] byte-compiling /home/becacoli/map_based/install/map_based_nav/lib/python3.12/site-packages/map_based_nav/__init__.py to __init__.cpython-312.pyc
[1.335s] byte-compiling /home/becacoli/map_based/install/map_based_nav/lib/python3.12/site-packages/map_based_nav/rrt_planner.py to rrt_planner.cpython-312.pyc
[1.336s] running install_data
[1.336s] creating /home/becacoli/map_based/install/map_based_nav/share/ament_index
[1.336s] creating /home/becacoli/map_based/install/map_based_nav/share/ament_index/resource_index
[1.336s] creating /home/becacoli/map_based/install/map_based_nav/share/ament_index/resource_index/packages
[1.337s] copying resource/map_based_nav -> /home/becacoli/map_based/install/map_based_nav/share/ament_index/resource_index/packages
[1.338s] copying package.xml -> /home/becacoli/map_based/install/map_based_nav/share/map_based_nav
[1.338s] running install_egg_info
[1.352s] Copying ../../build/map_based_nav/map_based_nav.egg-info to /home/becacoli/map_based/install/map_based_nav/lib/python3.12/site-packages/map_based_nav-0.0.0-py3.12.egg-info
[1.354s] running install_scripts
[1.451s] Installing rrt_planner script to /home/becacoli/map_based/install/map_based_nav/lib/map_based_nav
[1.452s] writing list of installed files to '/home/becacoli/map_based/build/map_based_nav/install.log'
[1.470s] Invoked command in '/home/becacoli/map_based/src/map_based_nav' returned '0': PYTHONPATH=/home/becacoli/map_based/build/map_based_nav/prefix_override:/usr/lib/python3/dist-packages/colcon_core/task/python/colcon_distutils_commands:/home/becacoli/map_based/install/map_based_nav/lib/python3.12/site-packages:${PYTHONPATH} /usr/bin/python3 -W ignore:setup.py install is deprecated -W ignore:easy_install command is deprecated setup.py egg_info --egg-base ../../build/map_based_nav build --build-base /home/becacoli/map_based/build/map_based_nav/build install --record /home/becacoli/map_based/build/map_based_nav/install.log --single-version-externally-managed install_data
